/*C4*/SET SCHEMA PUBLIC
DROP TABLE IF EXISTS "user" CASCADE
create table "user" ( user_id integer generated by default as identity (start with 1), name varchar(50) not null, surname varchar(50) not null, email varchar(100) not null, primary key (user_id) )
INSERT INTO "user" VALUES(1,'Padar','Tanel','Tanel@Padar.com')
COMMIT
INSERT INTO "user" VALUES(2,'Meow','Woof','Meow@woof.com')
COMMIT
DELETE FROM USER WHERE USER_ID=1
COMMIT
DISCONNECT
/*C5*/SET SCHEMA PUBLIC
DISCONNECT
/*C6*/SET SCHEMA PUBLIC
DISCONNECT
/*C7*/SET SCHEMA PUBLIC
DISCONNECT
/*C8*/SET SCHEMA PUBLIC
DISCONNECT
/*C9*/SET SCHEMA PUBLIC
DISCONNECT
/*C10*/SET SCHEMA PUBLIC
DISCONNECT
/*C11*/SET SCHEMA PUBLIC
DISCONNECT
/*C12*/SET SCHEMA PUBLIC
DISCONNECT
/*C13*/SET SCHEMA PUBLIC
DISCONNECT
/*C3*/SET SCHEMA PUBLIC
DISCONNECT
